
SQL*Loader: Release 12.2.0.1.0 - Production on Sat May 4 22:52:07 2019

Copyright (c) 1982, 2017, Oracle and/or its affiliates.  All rights reserved.

Control File:   film.ctl
Data File:      film.txt
  Bad File:     film.bad
  Discard File:  none specified
 
 (Allow all discards)

Number to load: ALL
Number to skip: 0
Errors allowed: 50
Bind array:     64 rows, maximum of 256000 bytes
Continuation:    none specified
Path used:      Conventional

Table FILM, loaded from every logical record.
Insert option in effect for this table: APPEND

   Column Name                  Position   Len  Term Encl Datatype
------------------------------ ---------- ----- ---- ---- ---------------------
FILMID                              FIRST     *   ,  O(") CHARACTER            
TITLE                                NEXT     *   ,  O(") CHARACTER            
RUNTIME                              NEXT     *   ,  O(") CHARACTER            
FILMTYPE                             NEXT     *   ,  O(") CHARACTER            
LICENSE_COST                         NEXT     *   ,  O(") CHARACTER            
GENRE                                NEXT     *   ,  O(") CHARACTER            


Table FILM:
  25 Rows successfully loaded.
  0 Rows not loaded due to data errors.
  0 Rows not loaded because all WHEN clauses were failed.
  0 Rows not loaded because all fields were null.


Space allocated for bind array:                  99072 bytes(64 rows)
Read   buffer bytes: 1048576

Total logical records skipped:          0
Total logical records read:            25
Total logical records rejected:         0
Total logical records discarded:        0

Run began on Sat May 04 22:52:07 2019
Run ended on Sat May 04 22:52:14 2019

Elapsed time was:     00:00:07.48
CPU time was:         00:00:00.03
