
SQL*Loader: Release 12.2.0.1.0 - Production on Sat May 4 22:52:23 2019

Copyright (c) 1982, 2017, Oracle and/or its affiliates.  All rights reserved.

Control File:   movie_schedule.ctl
Data File:      movie_schedule.txt
  Bad File:     movie_schedule.bad
  Discard File:  none specified
 
 (Allow all discards)

Number to load: ALL
Number to skip: 0
Errors allowed: 50
Bind array:     64 rows, maximum of 256000 bytes
Continuation:    none specified
Path used:      Conventional

Table MOVIE_SCHEDULE, loaded from every logical record.
Insert option in effect for this table: APPEND

   Column Name                  Position   Len  Term Encl Datatype
------------------------------ ---------- ----- ---- ---- ---------------------
FILMID                              FIRST     *   ,  O(") CHARACTER            
SCREENID                             NEXT     *   ,  O(") CHARACTER            
ROOM_NUM                             NEXT     *   ,  O(") CHARACTER            
IS_SHOWING                           NEXT     *   ,  O(") CHARACTER            
START_TIME                           NEXT     *   ,  O(") DATETIME DD-MON-YYYY hh24:mi


Table MOVIE_SCHEDULE:
  11 Rows successfully loaded.
  0 Rows not loaded due to data errors.
  0 Rows not loaded because all WHEN clauses were failed.
  0 Rows not loaded because all fields were null.


Space allocated for bind array:                  82560 bytes(64 rows)
Read   buffer bytes: 1048576

Total logical records skipped:          0
Total logical records read:            11
Total logical records rejected:         0
Total logical records discarded:        0

Run began on Sat May 04 22:52:23 2019
Run ended on Sat May 04 22:52:28 2019

Elapsed time was:     00:00:05.59
CPU time was:         00:00:00.04
